<?xml version="1.0" encoding="UTF-8"?>
<!-- Generated by org.testng.reporters.JUnitReportReporter -->
<testsuite hostname="NR-PC" failures="0" tests="9" name="com.test.flipkart" time="50.905" errors="0" timestamp="2022-10-13T00:07:44 IST" skipped="0">
  <testcase classname="com.test.flipkart" name="loadTime" time="24.721"/>
  <system-out/>
  <testcase classname="com.test.flipkart" name="search" time="1.719"/>
  <system-out/>
  <testcase classname="com.test.flipkart" name="scroll" time="2.448"/>
  <system-out/>
  <testcase classname="com.test.flipkart" name="contentRefresh" time="2.385"/>
  <system-out/>
  <testcase classname="com.test.flipkart" name="imageDisplay" time="4.059"/>
  <system-out/>
  <testcase classname="com.test.flipkart" name="bottomScroll" time="1.975"/>
  <system-out/>
  <testcase classname="com.test.flipkart" name="imgHeight" time="2.545"/>
  <system-out/>
  <testcase classname="com.test.flipkart" name="diffBrowChrome" time="1.854"/>
  <system-out/>
  <testcase classname="com.test.flipkart" name="diffBrowEdge" time="9.199"/>
  <system-out/>
</testsuite> <!-- com.test.flipkart -->
